{"E:\\React\\rm-project_v2\\src\\App.js": {"path":"E:\\React\\rm-project_v2\\src\\App.js","statementMap":{"0":{"start":{"line":11,"column":26},"end":{"line":11,"column":38}},"1":{"start":{"line":13,"column":20},"end":{"line":15,"column":3}},"2":{"start":{"line":14,"column":4},"end":{"line":14,"column":32}},"3":{"start":{"line":17,"column":25},"end":{"line":19,"column":3}},"4":{"start":{"line":18,"column":4},"end":{"line":18,"column":71}},"5":{"start":{"line":18,"column":35},"end":{"line":18,"column":68}},"6":{"start":{"line":21,"column":2},"end":{"line":46,"column":4}}},"fnMap":{"0":{"name":"App","decl":{"start":{"line":10,"column":9},"end":{"line":10,"column":12}},"loc":{"start":{"line":10,"column":15},"end":{"line":47,"column":1}},"line":10},"1":{"name":"(anonymous_1)","decl":{"start":{"line":13,"column":20},"end":{"line":13,"column":21}},"loc":{"start":{"line":13,"column":33},"end":{"line":15,"column":3}},"line":13},"2":{"name":"(anonymous_2)","decl":{"start":{"line":17,"column":25},"end":{"line":17,"column":26}},"loc":{"start":{"line":17,"column":46},"end":{"line":19,"column":3}},"line":17},"3":{"name":"(anonymous_3)","decl":{"start":{"line":18,"column":24},"end":{"line":18,"column":25}},"loc":{"start":{"line":18,"column":35},"end":{"line":18,"column":68}},"line":18}},"branchMap":{},"s":{"0":0,"1":0,"2":0,"3":0,"4":0,"5":0,"6":0},"f":{"0":0,"1":0,"2":0,"3":0},"b":{}}
,"E:\\React\\rm-project_v2\\src\\CheckoutPage.js": {"path":"E:\\React\\rm-project_v2\\src\\CheckoutPage.js","statementMap":{"0":{"start":{"line":5,"column":21},"end":{"line":55,"column":1}},"1":{"start":{"line":6,"column":19},"end":{"line":6,"column":32}},"2":{"start":{"line":7,"column":21},"end":{"line":7,"column":72}},"3":{"start":{"line":7,"column":50},"end":{"line":7,"column":68}},"4":{"start":{"line":8,"column":34},"end":{"line":8,"column":46}},"5":{"start":{"line":10,"column":31},"end":{"line":12,"column":3}},"6":{"start":{"line":11,"column":4},"end":{"line":11,"column":32}},"7":{"start":{"line":14,"column":2},"end":{"line":54,"column":4}},"8":{"start":{"line":21,"column":12},"end":{"line":24,"column":17}},"9":{"start":{"line":51,"column":25},"end":{"line":51,"column":52}}},"fnMap":{"0":{"name":"(anonymous_0)","decl":{"start":{"line":5,"column":21},"end":{"line":5,"column":22}},"loc":{"start":{"line":5,"column":35},"end":{"line":55,"column":1}},"line":5},"1":{"name":"(anonymous_1)","decl":{"start":{"line":7,"column":33},"end":{"line":7,"column":34}},"loc":{"start":{"line":7,"column":50},"end":{"line":7,"column":68}},"line":7},"2":{"name":"(anonymous_2)","decl":{"start":{"line":10,"column":31},"end":{"line":10,"column":32}},"loc":{"start":{"line":10,"column":38},"end":{"line":12,"column":3}},"line":10},"3":{"name":"(anonymous_3)","decl":{"start":{"line":20,"column":20},"end":{"line":20,"column":21}},"loc":{"start":{"line":21,"column":12},"end":{"line":24,"column":17}},"line":21},"4":{"name":"(anonymous_4)","decl":{"start":{"line":51,"column":18},"end":{"line":51,"column":19}},"loc":{"start":{"line":51,"column":25},"end":{"line":51,"column":52}},"line":51}},"branchMap":{},"s":{"0":1,"1":3,"2":3,"3":6,"4":3,"5":3,"6":0,"7":3,"8":6,"9":0},"f":{"0":3,"1":6,"2":0,"3":6,"4":0},"b":{},"_coverageSchema":"1a1c01bbd47fc00a2c39e90264f33305004495a9","hash":"dbc0235d0cc4776a7239ceebc96a97165a84049f"}
,"E:\\React\\rm-project_v2\\src\\ProductListingsPage.js": {"path":"E:\\React\\rm-project_v2\\src\\ProductListingsPage.js","statementMap":{"0":{"start":{"line":9,"column":17},"end":{"line":18,"column":1}},"1":{"start":{"line":20,"column":28},"end":{"line":69,"column":1}},"2":{"start":{"line":21,"column":38},"end":{"line":21,"column":57}},"3":{"start":{"line":22,"column":54},"end":{"line":22,"column":66}},"4":{"start":{"line":24,"column":28},"end":{"line":26,"column":3}},"5":{"start":{"line":25,"column":4},"end":{"line":25,"column":25}},"6":{"start":{"line":28,"column":26},"end":{"line":31,"column":3}},"7":{"start":{"line":29,"column":4},"end":{"line":29,"column":23}},"8":{"start":{"line":30,"column":4},"end":{"line":30,"column":70}},"9":{"start":{"line":33,"column":27},"end":{"line":33,"column":84}},"10":{"start":{"line":33,"column":54},"end":{"line":33,"column":83}},"11":{"start":{"line":35,"column":2},"end":{"line":68,"column":4}},"12":{"start":{"line":56,"column":10},"end":{"line":63,"column":16}},"13":{"start":{"line":61,"column":37},"end":{"line":61,"column":61}}},"fnMap":{"0":{"name":"(anonymous_0)","decl":{"start":{"line":20,"column":28},"end":{"line":20,"column":29}},"loc":{"start":{"line":20,"column":47},"end":{"line":69,"column":1}},"line":20},"1":{"name":"(anonymous_1)","decl":{"start":{"line":24,"column":28},"end":{"line":24,"column":29}},"loc":{"start":{"line":24,"column":39},"end":{"line":26,"column":3}},"line":24},"2":{"name":"(anonymous_2)","decl":{"start":{"line":28,"column":26},"end":{"line":28,"column":27}},"loc":{"start":{"line":28,"column":39},"end":{"line":31,"column":3}},"line":28},"3":{"name":"(anonymous_3)","decl":{"start":{"line":33,"column":43},"end":{"line":33,"column":44}},"loc":{"start":{"line":33,"column":54},"end":{"line":33,"column":83}},"line":33},"4":{"name":"(anonymous_4)","decl":{"start":{"line":55,"column":30},"end":{"line":55,"column":31}},"loc":{"start":{"line":56,"column":10},"end":{"line":63,"column":16}},"line":56},"5":{"name":"(anonymous_5)","decl":{"start":{"line":61,"column":31},"end":{"line":61,"column":32}},"loc":{"start":{"line":61,"column":37},"end":{"line":61,"column":61}},"line":61}},"branchMap":{"0":{"loc":{"start":{"line":66,"column":7},"end":{"line":66,"column":94}},"type":"binary-expr","locations":[{"start":{"line":66,"column":7},"end":{"line":66,"column":25}},{"start":{"line":66,"column":29},"end":{"line":66,"column":94}}],"line":66}},"s":{"0":1,"1":1,"2":8,"3":8,"4":8,"5":0,"6":8,"7":2,"8":2,"9":8,"10":64,"11":8,"12":40,"13":2},"f":{"0":8,"1":0,"2":2,"3":64,"4":40,"5":2},"b":{"0":[8,2]},"_coverageSchema":"1a1c01bbd47fc00a2c39e90264f33305004495a9","hash":"1528eab29613789c9246374eca190d478cf1d399"}
,"E:\\React\\rm-project_v2\\src\\ShoppingCartPage.js": {"path":"E:\\React\\rm-project_v2\\src\\ShoppingCartPage.js","statementMap":{"0":{"start":{"line":5,"column":25},"end":{"line":37,"column":1}},"1":{"start":{"line":6,"column":21},"end":{"line":6,"column":72}},"2":{"start":{"line":6,"column":50},"end":{"line":6,"column":68}},"3":{"start":{"line":8,"column":2},"end":{"line":36,"column":4}},"4":{"start":{"line":13,"column":10},"end":{"line":19,"column":16}},"5":{"start":{"line":17,"column":37},"end":{"line":17,"column":57}}},"fnMap":{"0":{"name":"(anonymous_0)","decl":{"start":{"line":5,"column":25},"end":{"line":5,"column":26}},"loc":{"start":{"line":5,"column":55},"end":{"line":37,"column":1}},"line":5},"1":{"name":"(anonymous_1)","decl":{"start":{"line":6,"column":33},"end":{"line":6,"column":34}},"loc":{"start":{"line":6,"column":50},"end":{"line":6,"column":68}},"line":6},"2":{"name":"(anonymous_2)","decl":{"start":{"line":12,"column":18},"end":{"line":12,"column":19}},"loc":{"start":{"line":13,"column":10},"end":{"line":19,"column":16}},"line":13},"3":{"name":"(anonymous_3)","decl":{"start":{"line":17,"column":31},"end":{"line":17,"column":32}},"loc":{"start":{"line":17,"column":37},"end":{"line":17,"column":57}},"line":17}},"branchMap":{},"s":{"0":1,"1":2,"2":4,"3":2,"4":4,"5":1},"f":{"0":2,"1":4,"2":4,"3":1},"b":{},"_coverageSchema":"1a1c01bbd47fc00a2c39e90264f33305004495a9","hash":"751f63c5cb1b8ca1676987c94d606b9bf6329c5e"}
,"E:\\React\\rm-project_v2\\src\\ThankyouPage.js": {"path":"E:\\React\\rm-project_v2\\src\\ThankyouPage.js","statementMap":{"0":{"start":{"line":4,"column":2},"end":{"line":8,"column":3}}},"fnMap":{"0":{"name":"ThankyouPage","decl":{"start":{"line":3,"column":9},"end":{"line":3,"column":21}},"loc":{"start":{"line":3,"column":24},"end":{"line":9,"column":1}},"line":3}},"branchMap":{},"s":{"0":1},"f":{"0":1},"b":{},"_coverageSchema":"1a1c01bbd47fc00a2c39e90264f33305004495a9","hash":"48189ece0861608bc7ee3995f580b56d0ab5ea85"}
}
