TN:
SF:src\App.js
FN:10,App
FN:13,(anonymous_1)
FN:17,(anonymous_2)
FN:18,(anonymous_3)
FNF:4
FNH:0
FNDA:0,App
FNDA:0,(anonymous_1)
FNDA:0,(anonymous_2)
FNDA:0,(anonymous_3)
DA:11,0
DA:13,0
DA:14,0
DA:17,0
DA:18,0
DA:21,0
LF:6
LH:0
BRF:0
BRH:0
end_of_record
TN:
SF:src\CheckoutPage.js
FN:5,(anonymous_0)
FN:7,(anonymous_1)
FN:10,(anonymous_2)
FN:20,(anonymous_3)
FN:51,(anonymous_4)
FNF:5
FNH:3
FNDA:3,(anonymous_0)
FNDA:6,(anonymous_1)
FNDA:0,(anonymous_2)
FNDA:6,(anonymous_3)
FNDA:0,(anonymous_4)
DA:5,1
DA:6,3
DA:7,6
DA:8,3
DA:10,3
DA:11,0
DA:14,3
DA:21,6
DA:51,0
LF:9
LH:7
BRF:0
BRH:0
end_of_record
TN:
SF:src\ProductListingsPage.js
FN:20,(anonymous_0)
FN:24,(anonymous_1)
FN:28,(anonymous_2)
FN:33,(anonymous_3)
FN:55,(anonymous_4)
FN:61,(anonymous_5)
FNF:6
FNH:5
FNDA:8,(anonymous_0)
FNDA:0,(anonymous_1)
FNDA:2,(anonymous_2)
FNDA:64,(anonymous_3)
FNDA:40,(anonymous_4)
FNDA:2,(anonymous_5)
DA:9,1
DA:20,1
DA:21,8
DA:22,8
DA:24,8
DA:25,0
DA:28,8
DA:29,2
DA:30,2
DA:33,64
DA:35,8
DA:56,40
DA:61,2
LF:13
LH:12
BRDA:66,0,0,8
BRDA:66,0,1,2
BRF:2
BRH:2
end_of_record
TN:
SF:src\ShoppingCartPage.js
FN:5,(anonymous_0)
FN:6,(anonymous_1)
FN:12,(anonymous_2)
FN:17,(anonymous_3)
FNF:4
FNH:4
FNDA:2,(anonymous_0)
FNDA:4,(anonymous_1)
FNDA:4,(anonymous_2)
FNDA:1,(anonymous_3)
DA:5,1
DA:6,4
DA:8,2
DA:13,4
DA:17,1
LF:5
LH:5
BRF:0
BRH:0
end_of_record
TN:
SF:src\ThankyouPage.js
FN:3,ThankyouPage
FNF:1
FNH:1
FNDA:1,ThankyouPage
DA:4,1
LF:1
LH:1
BRF:0
BRH:0
end_of_record
